[dotenv@17.3.1] injecting env (6) from .env -- tip: ⚙️  load multiple .env files with { path: ['.env.local', '.env'] }
Analytics API proxy server running on http://localhost:3000
[SERVER] GA4 Request for period: 30days
[GA4] Retention report success
[SERVER] fillGaps for "30days" (rangeIdx: 0), numDays: 30
[SERVER] fillGaps for "30days" (rangeIdx: 1), numDays: 30
[SERVER] Current Totals: {
  "totalUsers": 6,
  "totalSessions": 8,
  "avgBounce": 0.25,
  "avgDuration": 123.254662125,
  "totalNewUsers": 6,
  "userEngagementDuration": 925,
  "avgUserDuration": 154.16666666666666,
  "screenPageViews": 72,
  "scrolledUsers": 6,
  "screenPageViewsPerUser": 12
}
[SERVER] fillGaps for "30days" (rangeIdx: 0), numDays: 30
[SERVER] GA4 Request for period: 30days
[GA4] Retention report success
[SERVER] fillGaps for "30days" (rangeIdx: 0), numDays: 30
[SERVER] fillGaps for "30days" (rangeIdx: 1), numDays: 30
[SERVER] Current Totals: {
  "totalUsers": 6,
  "totalSessions": 8,
  "avgBounce": 0.25,
  "avgDuration": 123.254662125,
  "totalNewUsers": 6,
  "userEngagementDuration": 925,
  "avgUserDuration": 154.16666666666666,
  "screenPageViews": 72,
  "scrolledUsers": 6,
  "screenPageViewsPerUser": 12
}
[SERVER] fillGaps for "30days" (rangeIdx: 0), numDays: 30
[SERVER] GA4 Request for period: 30days
[GA4] Retention report success
[SERVER] fillGaps for "30days" (rangeIdx: 0), numDays: 30
[SERVER] fillGaps for "30days" (rangeIdx: 1), numDays: 30
[SERVER] Current Totals: {
  "totalUsers": 6,
  "totalSessions": 8,
  "avgBounce": 0.25,
  "avgDuration": 123.254662125,
  "totalNewUsers": 6,
  "userEngagementDuration": 925,
  "avgUserDuration": 154.16666666666666,
  "screenPageViews": 72,
  "scrolledUsers": 6,
  "screenPageViewsPerUser": 12
}
[SERVER] fillGaps for "30days" (rangeIdx: 0), numDays: 30
[SERVER] GA4 Request for period: 30days
[GA4] Retention report success
[SERVER] fillGaps for "30days" (rangeIdx: 0), numDays: 30
[SERVER] fillGaps for "30days" (rangeIdx: 1), numDays: 30
[SERVER] Current Totals: {
  "totalUsers": 6,
  "totalSessions": 8,
  "avgBounce": 0.25,
  "avgDuration": 123.254662125,
  "totalNewUsers": 6,
  "userEngagementDuration": 925,
  "avgUserDuration": 154.16666666666666,
  "screenPageViews": 72,
  "scrolledUsers": 6,
  "screenPageViewsPerUser": 12
}
[SERVER] fillGaps for "30days" (rangeIdx: 0), numDays: 30
[SERVER] GA4 Request for period: 30days
[GA4] Retention report success
[SERVER] fillGaps for "30days" (rangeIdx: 0), numDays: 30
[SERVER] fillGaps for "30days" (rangeIdx: 1), numDays: 30
[SERVER] Current Totals: {
  "totalUsers": 6,
  "totalSessions": 8,
  "avgBounce": 0.25,
  "avgDuration": 123.254662125,
  "totalNewUsers": 6,
  "userEngagementDuration": 925,
  "avgUserDuration": 154.16666666666666,
  "screenPageViews": 72,
  "scrolledUsers": 6,
  "screenPageViewsPerUser": 12
}
[SERVER] fillGaps for "30days" (rangeIdx: 0), numDays: 30
[SERVER] GA4 Request for period: 30days
[GA4] Retention report success
[SERVER] fillGaps for "30days" (rangeIdx: 0), numDays: 30
[SERVER] fillGaps for "30days" (rangeIdx: 1), numDays: 30
[SERVER] Current Totals: {
  "totalUsers": 6,
  "totalSessions": 8,
  "avgBounce": 0.25,
  "avgDuration": 123.254662125,
  "totalNewUsers": 6,
  "userEngagementDuration": 925,
  "avgUserDuration": 154.16666666666666,
  "screenPageViews": 72,
  "scrolledUsers": 6,
  "screenPageViewsPerUser": 12
}
[SERVER] fillGaps for "30days" (rangeIdx: 0), numDays: 30
[SERVER] GA4 Request for period: 7days
[GA4] Retention report success
[SERVER] fillGaps for "7days" (rangeIdx: 0), numDays: 7
[SERVER] fillGaps for "7days" (rangeIdx: 1), numDays: 7
[SERVER] Current Totals: {
  "totalUsers": 6,
  "totalSessions": 8,
  "avgBounce": 0.25,
  "avgDuration": 123.254662125,
  "totalNewUsers": 6,
  "userEngagementDuration": 925,
  "avgUserDuration": 154.16666666666666,
  "screenPageViews": 72,
  "scrolledUsers": 6,
  "screenPageViewsPerUser": 12
}
[SERVER] fillGaps for "30days" (rangeIdx: 0), numDays: 30
[SERVER] GA4 Request for period: today
[GA4] Retention report success
[SERVER] fillGaps for "today" (rangeIdx: 0), numDays: 7
[SERVER] fillGaps for "today" (rangeIdx: 1), numDays: 7
[SERVER] Current Totals: {
  "totalUsers": 6,
  "totalSessions": 8,
  "avgBounce": 0.25,
  "avgDuration": 123.254662125,
  "totalNewUsers": 6,
  "userEngagementDuration": 925,
  "avgUserDuration": 154.16666666666666,
  "screenPageViews": 72,
  "scrolledUsers": 6,
  "screenPageViewsPerUser": 12
}
[SERVER] fillGaps for "30days" (rangeIdx: 0), numDays: 30
[SERVER] GA4 Request for period: 7days
[GA4] Retention report success
[SERVER] fillGaps for "7days" (rangeIdx: 0), numDays: 7
[SERVER] fillGaps for "7days" (rangeIdx: 1), numDays: 7
[SERVER] Current Totals: {
  "totalUsers": 6,
  "totalSessions": 8,
  "avgBounce": 0.25,
  "avgDuration": 123.254662125,
  "totalNewUsers": 6,
  "userEngagementDuration": 925,
  "avgUserDuration": 154.16666666666666,
  "screenPageViews": 72,
  "scrolledUsers": 6,
  "screenPageViewsPerUser": 12
}
[SERVER] fillGaps for "30days" (rangeIdx: 0), numDays: 30
[SERVER] GA4 Request for period: 30days
[GA4] Retention report success
[SERVER] fillGaps for "30days" (rangeIdx: 0), numDays: 30
[SERVER] fillGaps for "30days" (rangeIdx: 1), numDays: 30
[SERVER] Current Totals: {
  "totalUsers": 6,
  "totalSessions": 8,
  "avgBounce": 0.25,
  "avgDuration": 123.254662125,
  "totalNewUsers": 6,
  "userEngagementDuration": 925,
  "avgUserDuration": 154.16666666666666,
  "screenPageViews": 72,
  "scrolledUsers": 6,
  "screenPageViewsPerUser": 12
}
[SERVER] fillGaps for "30days" (rangeIdx: 0), numDays: 30
[SERVER] GA4 Request for period: today
[GA4] Retention report success
[SERVER] fillGaps for "today" (rangeIdx: 0), numDays: 7
[SERVER] fillGaps for "today" (rangeIdx: 1), numDays: 7
[SERVER] Current Totals: {
  "totalUsers": 6,
  "totalSessions": 8,
  "avgBounce": 0.25,
  "avgDuration": 123.254662125,
  "totalNewUsers": 6,
  "userEngagementDuration": 925,
  "avgUserDuration": 154.16666666666666,
  "screenPageViews": 72,
  "scrolledUsers": 6,
  "screenPageViewsPerUser": 12
}
[SERVER] fillGaps for "30days" (rangeIdx: 0), numDays: 30
[SERVER] GA4 Request for period: 7days
[GA4] Retention report success
[SERVER] fillGaps for "7days" (rangeIdx: 0), numDays: 7
[SERVER] fillGaps for "7days" (rangeIdx: 1), numDays: 7
[SERVER] Current Totals: {
  "totalUsers": 6,
  "totalSessions": 8,
  "avgBounce": 0.25,
  "avgDuration": 123.254662125,
  "totalNewUsers": 6,
  "userEngagementDuration": 925,
  "avgUserDuration": 154.16666666666666,
  "screenPageViews": 72,
  "scrolledUsers": 6,
  "screenPageViewsPerUser": 12
}
[SERVER] fillGaps for "30days" (rangeIdx: 0), numDays: 30
[SERVER] GA4 Request for period: today
[GA4] Retention report success
[SERVER] fillGaps for "today" (rangeIdx: 0), numDays: 7
[SERVER] fillGaps for "today" (rangeIdx: 1), numDays: 7
[SERVER] Current Totals: {
  "totalUsers": 6,
  "totalSessions": 8,
  "avgBounce": 0.25,
  "avgDuration": 123.254662125,
  "totalNewUsers": 6,
  "userEngagementDuration": 925,
  "avgUserDuration": 154.16666666666666,
  "screenPageViews": 72,
  "scrolledUsers": 6,
  "screenPageViewsPerUser": 12
}
[SERVER] fillGaps for "30days" (rangeIdx: 0), numDays: 30
[SERVER] GA4 Request for period: 7days
[GA4] Retention report success
[SERVER] fillGaps for "7days" (rangeIdx: 0), numDays: 7
[SERVER] fillGaps for "7days" (rangeIdx: 1), numDays: 7
[SERVER] Current Totals: {
  "totalUsers": 6,
  "totalSessions": 8,
  "avgBounce": 0.25,
  "avgDuration": 123.254662125,
  "totalNewUsers": 6,
  "userEngagementDuration": 925,
  "avgUserDuration": 154.16666666666666,
  "screenPageViews": 72,
  "scrolledUsers": 6,
  "screenPageViewsPerUser": 12
}
[SERVER] fillGaps for "30days" (rangeIdx: 0), numDays: 30
[SERVER] GA4 Request for period: 30days
[GA4] Retention report success
[SERVER] fillGaps for "30days" (rangeIdx: 0), numDays: 30
[SERVER] fillGaps for "30days" (rangeIdx: 1), numDays: 30
[SERVER] Current Totals: {
  "totalUsers": 6,
  "totalSessions": 8,
  "avgBounce": 0.25,
  "avgDuration": 123.254662125,
  "totalNewUsers": 6,
  "userEngagementDuration": 925,
  "avgUserDuration": 154.16666666666666,
  "screenPageViews": 72,
  "scrolledUsers": 6,
  "screenPageViewsPerUser": 12
}
[SERVER] fillGaps for "30days" (rangeIdx: 0), numDays: 30
[SERVER] GA4 Request for period: 30days
[GA4] Retention report success
[SERVER] fillGaps for "30days" (rangeIdx: 0), numDays: 30
[SERVER] fillGaps for "30days" (rangeIdx: 1), numDays: 30
[SERVER] Current Totals: {
  "totalUsers": 6,
  "totalSessions": 8,
  "avgBounce": 0.25,
  "avgDuration": 123.254662125,
  "totalNewUsers": 6,
  "userEngagementDuration": 925,
  "avgUserDuration": 154.16666666666666,
  "screenPageViews": 72,
  "scrolledUsers": 6,
  "screenPageViewsPerUser": 12
}
[SERVER] fillGaps for "30days" (rangeIdx: 0), numDays: 30
[SERVER] GA4 Request for period: 30days
[GA4] Retention report success
[SERVER] fillGaps for "30days" (rangeIdx: 0), numDays: 30
[SERVER] fillGaps for "30days" (rangeIdx: 1), numDays: 30
[SERVER] Current Totals: {
  "totalUsers": 6,
  "totalSessions": 8,
  "avgBounce": 0.25,
  "avgDuration": 123.254662125,
  "totalNewUsers": 6,
  "userEngagementDuration": 925,
  "avgUserDuration": 154.16666666666666,
  "screenPageViews": 72,
  "scrolledUsers": 6,
  "screenPageViewsPerUser": 12
}
[SERVER] fillGaps for "30days" (rangeIdx: 0), numDays: 30
[SERVER] GA4 Request for period: 7days
[GA4] Retention report success
[SERVER] fillGaps for "7days" (rangeIdx: 0), numDays: 7
[SERVER] fillGaps for "7days" (rangeIdx: 1), numDays: 7
[SERVER] Current Totals: {
  "totalUsers": 6,
  "totalSessions": 8,
  "avgBounce": 0.25,
  "avgDuration": 123.254662125,
  "totalNewUsers": 6,
  "userEngagementDuration": 925,
  "avgUserDuration": 154.16666666666666,
  "screenPageViews": 72,
  "scrolledUsers": 6,
  "screenPageViewsPerUser": 12
}
[SERVER] fillGaps for "30days" (rangeIdx: 0), numDays: 30
[SERVER] GA4 Request for period: today
[GA4] Retention report success
[SERVER] fillGaps for "today" (rangeIdx: 0), numDays: 7
[SERVER] fillGaps for "today" (rangeIdx: 1), numDays: 7
[SERVER] Current Totals: {
  "totalUsers": 6,
  "totalSessions": 8,
  "avgBounce": 0.25,
  "avgDuration": 123.254662125,
  "totalNewUsers": 6,
  "userEngagementDuration": 925,
  "avgUserDuration": 154.16666666666666,
  "screenPageViews": 72,
  "scrolledUsers": 6,
  "screenPageViewsPerUser": 12
}
[SERVER] fillGaps for "30days" (rangeIdx: 0), numDays: 30
[SERVER] GA4 Request for period: 7days
[GA4] Retention report success
[SERVER] fillGaps for "7days" (rangeIdx: 0), numDays: 7
[SERVER] fillGaps for "7days" (rangeIdx: 1), numDays: 7
[SERVER] Current Totals: {
  "totalUsers": 6,
  "totalSessions": 8,
  "avgBounce": 0.25,
  "avgDuration": 123.254662125,
  "totalNewUsers": 6,
  "userEngagementDuration": 925,
  "avgUserDuration": 154.16666666666666,
  "screenPageViews": 72,
  "scrolledUsers": 6,
  "screenPageViewsPerUser": 12
}
[SERVER] fillGaps for "30days" (rangeIdx: 0), numDays: 30
[SERVER] GA4 Request for period: today
[GA4] Retention report success
[SERVER] fillGaps for "today" (rangeIdx: 0), numDays: 7
[SERVER] fillGaps for "today" (rangeIdx: 1), numDays: 7
[SERVER] Current Totals: {
  "totalUsers": 6,
  "totalSessions": 8,
  "avgBounce": 0.25,
  "avgDuration": 123.254662125,
  "totalNewUsers": 6,
  "userEngagementDuration": 925,
  "avgUserDuration": 154.16666666666666,
  "screenPageViews": 72,
  "scrolledUsers": 6,
  "screenPageViewsPerUser": 12
}
[SERVER] fillGaps for "30days" (rangeIdx: 0), numDays: 30
[SERVER] GA4 Request for period: 7days
[GA4] Retention report success
[SERVER] fillGaps for "7days" (rangeIdx: 0), numDays: 7
[SERVER] fillGaps for "7days" (rangeIdx: 1), numDays: 7
[SERVER] Current Totals: {
  "totalUsers": 6,
  "totalSessions": 8,
  "avgBounce": 0.25,
  "avgDuration": 123.254662125,
  "totalNewUsers": 6,
  "userEngagementDuration": 925,
  "avgUserDuration": 154.16666666666666,
  "screenPageViews": 72,
  "scrolledUsers": 6,
  "screenPageViewsPerUser": 12
}
[SERVER] fillGaps for "30days" (rangeIdx: 0), numDays: 30
[SERVER] GA4 Request for period: 30days
[GA4] Retention report success
[SERVER] fillGaps for "30days" (rangeIdx: 0), numDays: 30
[SERVER] fillGaps for "30days" (rangeIdx: 1), numDays: 30
[SERVER] Current Totals: {
  "totalUsers": 6,
  "totalSessions": 8,
  "avgBounce": 0.25,
  "avgDuration": 123.254662125,
  "totalNewUsers": 6,
  "userEngagementDuration": 925,
  "avgUserDuration": 154.16666666666666,
  "screenPageViews": 72,
  "scrolledUsers": 6,
  "screenPageViewsPerUser": 12
}
[SERVER] fillGaps for "30days" (rangeIdx: 0), numDays: 30
[SERVER] GA4 Request for period: 30days
[SERVER] GA4 Request for period: 30days
[GA4] Retention report success
[SERVER] fillGaps for "30days" (rangeIdx: 0), numDays: 30
[SERVER] fillGaps for "30days" (rangeIdx: 1), numDays: 30
[SERVER] Current Totals: {
  "totalUsers": 6,
  "totalSessions": 8,
  "avgBounce": 0.25,
  "avgDuration": 123.254662125,
  "totalNewUsers": 6,
  "userEngagementDuration": 925,
  "avgUserDuration": 154.16666666666666,
  "screenPageViews": 72,
  "scrolledUsers": 6,
  "screenPageViewsPerUser": 12
}
[SERVER] fillGaps for "30days" (rangeIdx: 0), numDays: 30
[GA4] Retention report success
[SERVER] fillGaps for "30days" (rangeIdx: 0), numDays: 30
[SERVER] fillGaps for "30days" (rangeIdx: 1), numDays: 30
[SERVER] Current Totals: {
  "totalUsers": 6,
  "totalSessions": 8,
  "avgBounce": 0.25,
  "avgDuration": 123.254662125,
  "totalNewUsers": 6,
  "userEngagementDuration": 925,
  "avgUserDuration": 154.16666666666666,
  "screenPageViews": 72,
  "scrolledUsers": 6,
  "screenPageViewsPerUser": 12
}
[SERVER] fillGaps for "30days" (rangeIdx: 0), numDays: 30
[SERVER] GA4 Request for period: 30days
[SERVER] GA4 Request for period: 30days
[GA4] Retention report success
[SERVER] fillGaps for "30days" (rangeIdx: 0), numDays: 30
[SERVER] fillGaps for "30days" (rangeIdx: 1), numDays: 30
[SERVER] Current Totals: {
  "totalUsers": 6,
  "totalSessions": 8,
  "avgBounce": 0.25,
  "avgDuration": 123.254662125,
  "totalNewUsers": 6,
  "userEngagementDuration": 925,
  "avgUserDuration": 154.16666666666666,
  "screenPageViews": 72,
  "scrolledUsers": 6,
  "screenPageViewsPerUser": 12
}
[SERVER] fillGaps for "30days" (rangeIdx: 0), numDays: 30
[SERVER] GA4 Request for period: 30days
[SERVER] GA4 Request for period: 30days
[GA4] Retention report success
[SERVER] fillGaps for "30days" (rangeIdx: 0), numDays: 30
[SERVER] fillGaps for "30days" (rangeIdx: 1), numDays: 30
[SERVER] Current Totals: {
  "totalUsers": 6,
  "totalSessions": 8,
  "avgBounce": 0.25,
  "avgDuration": 123.254662125,
  "totalNewUsers": 6,
  "userEngagementDuration": 925,
  "avgUserDuration": 154.16666666666666,
  "screenPageViews": 72,
  "scrolledUsers": 6,
  "screenPageViewsPerUser": 12
}
[SERVER] fillGaps for "30days" (rangeIdx: 0), numDays: 30
[SERVER] GA4 Request for period: 30days
[GA4] Retention report success
[SERVER] fillGaps for "30days" (rangeIdx: 0), numDays: 30
[SERVER] fillGaps for "30days" (rangeIdx: 1), numDays: 30
[SERVER] Current Totals: {
  "totalUsers": 6,
  "totalSessions": 8,
  "avgBounce": 0.25,
  "avgDuration": 123.254662125,
  "totalNewUsers": 6,
  "userEngagementDuration": 925,
  "avgUserDuration": 154.16666666666666,
  "screenPageViews": 72,
  "scrolledUsers": 6,
  "screenPageViewsPerUser": 12
}
[SERVER] fillGaps for "30days" (rangeIdx: 0), numDays: 30
[GA4] Retention report success
[SERVER] fillGaps for "30days" (rangeIdx: 0), numDays: 30
[SERVER] fillGaps for "30days" (rangeIdx: 1), numDays: 30
[SERVER] Current Totals: {
  "totalUsers": 6,
  "totalSessions": 8,
  "avgBounce": 0.25,
  "avgDuration": 123.254662125,
  "totalNewUsers": 6,
  "userEngagementDuration": 925,
  "avgUserDuration": 154.16666666666666,
  "screenPageViews": 72,
  "scrolledUsers": 6,
  "screenPageViewsPerUser": 12
}
[SERVER] fillGaps for "30days" (rangeIdx: 0), numDays: 30
[GA4] Retention report success
[SERVER] fillGaps for "30days" (rangeIdx: 0), numDays: 30
[SERVER] fillGaps for "30days" (rangeIdx: 1), numDays: 30
[SERVER] Current Totals: {
  "totalUsers": 6,
  "totalSessions": 8,
  "avgBounce": 0.25,
  "avgDuration": 123.254662125,
  "totalNewUsers": 6,
  "userEngagementDuration": 925,
  "avgUserDuration": 154.16666666666666,
  "screenPageViews": 72,
  "scrolledUsers": 6,
  "screenPageViewsPerUser": 12
}
[SERVER] fillGaps for "30days" (rangeIdx: 0), numDays: 30
[SERVER] GA4 Request for period: 30days
[GA4] Retention report success
[SERVER] fillGaps for "30days" (rangeIdx: 0), numDays: 30
[SERVER] fillGaps for "30days" (rangeIdx: 1), numDays: 30
[SERVER] Current Totals: {
  "totalUsers": 6,
  "totalSessions": 8,
  "avgBounce": 0.25,
  "avgDuration": 123.254662125,
  "totalNewUsers": 6,
  "userEngagementDuration": 925,
  "avgUserDuration": 154.16666666666666,
  "screenPageViews": 72,
  "scrolledUsers": 6,
  "screenPageViewsPerUser": 12
}
[SERVER] fillGaps for "30days" (rangeIdx: 0), numDays: 30
[SERVER] GA4 Request for period: today
[GA4] Retention report success
[SERVER] fillGaps for "today" (rangeIdx: 0), numDays: 7
[SERVER] fillGaps for "today" (rangeIdx: 1), numDays: 7
[SERVER] Current Totals: {
  "totalUsers": 6,
  "totalSessions": 8,
  "avgBounce": 0.25,
  "avgDuration": 123.254662125,
  "totalNewUsers": 6,
  "userEngagementDuration": 925,
  "avgUserDuration": 154.16666666666666,
  "screenPageViews": 72,
  "scrolledUsers": 6,
  "screenPageViewsPerUser": 12
}
[SERVER] fillGaps for "30days" (rangeIdx: 0), numDays: 30
[SERVER] GA4 Request for period: 30days
[GA4] Retention report success
[SERVER] fillGaps for "30days" (rangeIdx: 0), numDays: 30
[SERVER] fillGaps for "30days" (rangeIdx: 1), numDays: 30
[SERVER] Current Totals: {
  "totalUsers": 6,
  "totalSessions": 8,
  "avgBounce": 0.25,
  "avgDuration": 123.254662125,
  "totalNewUsers": 6,
  "userEngagementDuration": 925,
  "avgUserDuration": 154.16666666666666,
  "screenPageViews": 72,
  "scrolledUsers": 6,
  "screenPageViewsPerUser": 12
}
[SERVER] fillGaps for "30days" (rangeIdx: 0), numDays: 30
[SERVER] GA4 Request for period: today
[GA4] Retention report success
[SERVER] fillGaps for "today" (rangeIdx: 0), numDays: 7
[SERVER] fillGaps for "today" (rangeIdx: 1), numDays: 7
[SERVER] Current Totals: {
  "totalUsers": 6,
  "totalSessions": 8,
  "avgBounce": 0.25,
  "avgDuration": 123.254662125,
  "totalNewUsers": 6,
  "userEngagementDuration": 925,
  "avgUserDuration": 154.16666666666666,
  "screenPageViews": 72,
  "scrolledUsers": 6,
  "screenPageViewsPerUser": 12
}
[SERVER] fillGaps for "30days" (rangeIdx: 0), numDays: 30
[SERVER] GA4 Request for period: 30days
[GA4] Retention report success
[SERVER] fillGaps for "30days" (rangeIdx: 0), numDays: 30
[SERVER] fillGaps for "30days" (rangeIdx: 1), numDays: 30
[SERVER] Current Totals: {
  "totalUsers": 6,
  "totalSessions": 8,
  "avgBounce": 0.25,
  "avgDuration": 123.254662125,
  "totalNewUsers": 6,
  "userEngagementDuration": 925,
  "avgUserDuration": 154.16666666666666,
  "screenPageViews": 72,
  "scrolledUsers": 6,
  "screenPageViewsPerUser": 12
}
[SERVER] fillGaps for "30days" (rangeIdx: 0), numDays: 30
[SERVER] GA4 Request for period: 7days
[GA4] Retention report success
[SERVER] fillGaps for "7days" (rangeIdx: 0), numDays: 7
[SERVER] fillGaps for "7days" (rangeIdx: 1), numDays: 7
[SERVER] Current Totals: {
  "totalUsers": 6,
  "totalSessions": 8,
  "avgBounce": 0.25,
  "avgDuration": 123.254662125,
  "totalNewUsers": 6,
  "userEngagementDuration": 925,
  "avgUserDuration": 154.16666666666666,
  "screenPageViews": 72,
  "scrolledUsers": 6,
  "screenPageViewsPerUser": 12
}
[SERVER] fillGaps for "30days" (rangeIdx: 0), numDays: 30
[SERVER] GA4 Request for period: 7days
[GA4] Retention report success
[SERVER] fillGaps for "7days" (rangeIdx: 0), numDays: 7
[SERVER] fillGaps for "7days" (rangeIdx: 1), numDays: 7
[SERVER] Current Totals: {
  "totalUsers": 6,
  "totalSessions": 8,
  "avgBounce": 0.25,
  "avgDuration": 123.254662125,
  "totalNewUsers": 6,
  "userEngagementDuration": 925,
  "avgUserDuration": 154.16666666666666,
  "screenPageViews": 72,
  "scrolledUsers": 6,
  "screenPageViewsPerUser": 12
}
[SERVER] fillGaps for "30days" (rangeIdx: 0), numDays: 30
[SERVER] GA4 Request for period: 7days
[GA4] Retention report success
[SERVER] fillGaps for "7days" (rangeIdx: 0), numDays: 7
[SERVER] fillGaps for "7days" (rangeIdx: 1), numDays: 7
[SERVER] Current Totals: {
  "totalUsers": 6,
  "totalSessions": 8,
  "avgBounce": 0.25,
  "avgDuration": 123.254662125,
  "totalNewUsers": 6,
  "userEngagementDuration": 925,
  "avgUserDuration": 154.16666666666666,
  "screenPageViews": 72,
  "scrolledUsers": 6,
  "screenPageViewsPerUser": 12
}
[SERVER] fillGaps for "30days" (rangeIdx: 0), numDays: 30
[SERVER] GA4 Request for period: 30days
[GA4] Retention report success
[SERVER] fillGaps for "30days" (rangeIdx: 0), numDays: 30
[SERVER] fillGaps for "30days" (rangeIdx: 1), numDays: 30
[SERVER] Current Totals: {
  "totalUsers": 6,
  "totalSessions": 8,
  "avgBounce": 0.25,
  "avgDuration": 123.254662125,
  "totalNewUsers": 6,
  "userEngagementDuration": 925,
  "avgUserDuration": 154.16666666666666,
  "screenPageViews": 72,
  "scrolledUsers": 6,
  "screenPageViewsPerUser": 12
}
[SERVER] fillGaps for "30days" (rangeIdx: 0), numDays: 30
[SERVER] GA4 Request for period: 7days
[GA4] Retention report success
[SERVER] fillGaps for "7days" (rangeIdx: 0), numDays: 7
[SERVER] fillGaps for "7days" (rangeIdx: 1), numDays: 7
[SERVER] Current Totals: {
  "totalUsers": 6,
  "totalSessions": 8,
  "avgBounce": 0.25,
  "avgDuration": 123.254662125,
  "totalNewUsers": 6,
  "userEngagementDuration": 925,
  "avgUserDuration": 154.16666666666666,
  "screenPageViews": 72,
  "scrolledUsers": 6,
  "screenPageViewsPerUser": 12
}
[SERVER] fillGaps for "30days" (rangeIdx: 0), numDays: 30
[SERVER] GA4 Request for period: 7days
[GA4] Retention report success
[SERVER] fillGaps for "7days" (rangeIdx: 0), numDays: 7
[SERVER] fillGaps for "7days" (rangeIdx: 1), numDays: 7
[SERVER] Current Totals: {
  "totalUsers": 6,
  "totalSessions": 8,
  "avgBounce": 0.25,
  "avgDuration": 123.254662125,
  "totalNewUsers": 6,
  "userEngagementDuration": 925,
  "avgUserDuration": 154.16666666666666,
  "screenPageViews": 72,
  "scrolledUsers": 6,
  "screenPageViewsPerUser": 12
}
[SERVER] fillGaps for "30days" (rangeIdx: 0), numDays: 30
[SERVER] GA4 Request for period: 30days
[GA4] Retention report success
[SERVER] fillGaps for "30days" (rangeIdx: 0), numDays: 30
[SERVER] fillGaps for "30days" (rangeIdx: 1), numDays: 30
[SERVER] Current Totals: {
  "totalUsers": 6,
  "totalSessions": 8,
  "avgBounce": 0.25,
  "avgDuration": 123.254662125,
  "totalNewUsers": 6,
  "userEngagementDuration": 925,
  "avgUserDuration": 154.16666666666666,
  "screenPageViews": 72,
  "scrolledUsers": 6,
  "screenPageViewsPerUser": 12
}
[SERVER] fillGaps for "30days" (rangeIdx: 0), numDays: 30
[SERVER] GA4 Request for period: 30days
[GA4] Retention report success
[SERVER] fillGaps for "30days" (rangeIdx: 0), numDays: 30
[SERVER] fillGaps for "30days" (rangeIdx: 1), numDays: 30
[SERVER] Current Totals: {
  "totalUsers": 6,
  "totalSessions": 8,
  "avgBounce": 0.25,
  "avgDuration": 123.254662125,
  "totalNewUsers": 6,
  "userEngagementDuration": 925,
  "avgUserDuration": 154.16666666666666,
  "screenPageViews": 72,
  "scrolledUsers": 6,
  "screenPageViewsPerUser": 12
}
[SERVER] fillGaps for "30days" (rangeIdx: 0), numDays: 30
[SERVER] GA4 Request for period: 7days
[GA4] Retention report success
[SERVER] fillGaps for "7days" (rangeIdx: 0), numDays: 7
[SERVER] fillGaps for "7days" (rangeIdx: 1), numDays: 7
[SERVER] Current Totals: {
  "totalUsers": 6,
  "totalSessions": 8,
  "avgBounce": 0.25,
  "avgDuration": 123.254662125,
  "totalNewUsers": 6,
  "userEngagementDuration": 925,
  "avgUserDuration": 154.16666666666666,
  "screenPageViews": 72,
  "scrolledUsers": 6,
  "screenPageViewsPerUser": 12
}
[SERVER] fillGaps for "30days" (rangeIdx: 0), numDays: 30
[SERVER] GA4 Request for period: 30days
[GA4] Retention report success
[SERVER] fillGaps for "30days" (rangeIdx: 0), numDays: 30
[SERVER] fillGaps for "30days" (rangeIdx: 1), numDays: 30
[SERVER] Current Totals: {
  "totalUsers": 6,
  "totalSessions": 8,
  "avgBounce": 0.25,
  "avgDuration": 123.254662125,
  "totalNewUsers": 6,
  "userEngagementDuration": 925,
  "avgUserDuration": 154.16666666666666,
  "screenPageViews": 72,
  "scrolledUsers": 6,
  "screenPageViewsPerUser": 12
}
[SERVER] fillGaps for "30days" (rangeIdx: 0), numDays: 30
[SERVER] GA4 Request for period: 7days
[GA4] Retention report success
[SERVER] fillGaps for "7days" (rangeIdx: 0), numDays: 7
[SERVER] fillGaps for "7days" (rangeIdx: 1), numDays: 7
[SERVER] Current Totals: {
  "totalUsers": 6,
  "totalSessions": 8,
  "avgBounce": 0.25,
  "avgDuration": 123.254662125,
  "totalNewUsers": 6,
  "userEngagementDuration": 925,
  "avgUserDuration": 154.16666666666666,
  "screenPageViews": 72,
  "scrolledUsers": 6,
  "screenPageViewsPerUser": 12
}
[SERVER] fillGaps for "30days" (rangeIdx: 0), numDays: 30
[SERVER] GA4 Request for period: 30days
[GA4] Retention report success
[SERVER] fillGaps for "30days" (rangeIdx: 0), numDays: 30
[SERVER] fillGaps for "30days" (rangeIdx: 1), numDays: 30
[SERVER] Current Totals: {
  "totalUsers": 6,
  "totalSessions": 8,
  "avgBounce": 0.25,
  "avgDuration": 123.254662125,
  "totalNewUsers": 6,
  "userEngagementDuration": 925,
  "avgUserDuration": 154.16666666666666,
  "screenPageViews": 72,
  "scrolledUsers": 6,
  "screenPageViewsPerUser": 12
}
[SERVER] fillGaps for "30days" (rangeIdx: 0), numDays: 30
[SERVER] GA4 Request for period: 30days
[GA4] Retention report success
[SERVER] fillGaps for "30days" (rangeIdx: 0), numDays: 30
[SERVER] fillGaps for "30days" (rangeIdx: 1), numDays: 30
[SERVER] Current Totals: {
  "totalUsers": 6,
  "totalSessions": 8,
  "avgBounce": 0.25,
  "avgDuration": 123.254662125,
  "totalNewUsers": 6,
  "userEngagementDuration": 925,
  "avgUserDuration": 154.16666666666666,
  "screenPageViews": 72,
  "scrolledUsers": 6,
  "screenPageViewsPerUser": 12
}
[SERVER] fillGaps for "30days" (rangeIdx: 0), numDays: 30
[SERVER] GA4 Request for period: 7days
[SERVER] GA4 Request for period: 30days
[GA4] Retention report success
[SERVER] fillGaps for "30days" (rangeIdx: 0), numDays: 30
[SERVER] fillGaps for "30days" (rangeIdx: 1), numDays: 30
[SERVER] Current Totals: {
  "totalUsers": 6,
  "totalSessions": 8,
  "avgBounce": 0.25,
  "avgDuration": 123.254662125,
  "totalNewUsers": 6,
  "userEngagementDuration": 925,
  "avgUserDuration": 154.16666666666666,
  "screenPageViews": 72,
  "scrolledUsers": 6,
  "screenPageViewsPerUser": 12
}
[SERVER] fillGaps for "30days" (rangeIdx: 0), numDays: 30
[GA4] Retention report success
[SERVER] fillGaps for "7days" (rangeIdx: 0), numDays: 7
[SERVER] fillGaps for "7days" (rangeIdx: 1), numDays: 7
[SERVER] Current Totals: {
  "totalUsers": 6,
  "totalSessions": 8,
  "avgBounce": 0.25,
  "avgDuration": 123.254662125,
  "totalNewUsers": 6,
  "userEngagementDuration": 925,
  "avgUserDuration": 154.16666666666666,
  "screenPageViews": 72,
  "scrolledUsers": 6,
  "screenPageViewsPerUser": 12
}
[SERVER] fillGaps for "30days" (rangeIdx: 0), numDays: 30
[SERVER] GA4 Request for period: 7days
[GA4] Retention report success
[SERVER] fillGaps for "7days" (rangeIdx: 0), numDays: 7
[SERVER] fillGaps for "7days" (rangeIdx: 1), numDays: 7
[SERVER] Current Totals: {
  "totalUsers": 6,
  "totalSessions": 8,
  "avgBounce": 0.25,
  "avgDuration": 123.254662125,
  "totalNewUsers": 6,
  "userEngagementDuration": 925,
  "avgUserDuration": 154.16666666666666,
  "screenPageViews": 72,
  "scrolledUsers": 6,
  "screenPageViewsPerUser": 12
}
[SERVER] fillGaps for "30days" (rangeIdx: 0), numDays: 30
[SERVER] GA4 Request for period: 30days
[GA4] Retention report success
[SERVER] fillGaps for "30days" (rangeIdx: 0), numDays: 30
[SERVER] fillGaps for "30days" (rangeIdx: 1), numDays: 30
[SERVER] Current Totals: {
  "totalUsers": 6,
  "totalSessions": 8,
  "avgBounce": 0.25,
  "avgDuration": 123.254662125,
  "totalNewUsers": 6,
  "userEngagementDuration": 925,
  "avgUserDuration": 154.16666666666666,
  "screenPageViews": 72,
  "scrolledUsers": 6,
  "screenPageViewsPerUser": 12
}
[SERVER] fillGaps for "30days" (rangeIdx: 0), numDays: 30
[SERVER] GA4 Request for period: 7days
[SERVER] GA4 Request for period: 30days
[GA4] Retention report success
[SERVER] fillGaps for "7days" (rangeIdx: 0), numDays: 7
[SERVER] fillGaps for "7days" (rangeIdx: 1), numDays: 7
[SERVER] Current Totals: {
  "totalUsers": 6,
  "totalSessions": 8,
  "avgBounce": 0.25,
  "avgDuration": 123.254662125,
  "totalNewUsers": 6,
  "userEngagementDuration": 925,
  "avgUserDuration": 154.16666666666666,
  "screenPageViews": 72,
  "scrolledUsers": 6,
  "screenPageViewsPerUser": 12
}
[SERVER] fillGaps for "30days" (rangeIdx: 0), numDays: 30
[GA4] Retention report success
[SERVER] fillGaps for "30days" (rangeIdx: 0), numDays: 30
[SERVER] fillGaps for "30days" (rangeIdx: 1), numDays: 30
[SERVER] Current Totals: {
  "totalUsers": 6,
  "totalSessions": 8,
  "avgBounce": 0.25,
  "avgDuration": 123.254662125,
  "totalNewUsers": 6,
  "userEngagementDuration": 925,
  "avgUserDuration": 154.16666666666666,
  "screenPageViews": 72,
  "scrolledUsers": 6,
  "screenPageViewsPerUser": 12
}
[SERVER] fillGaps for "30days" (rangeIdx: 0), numDays: 30
[SERVER] GA4 Request for period: 7days
[GA4] Retention report success
[SERVER] fillGaps for "7days" (rangeIdx: 0), numDays: 7
[SERVER] fillGaps for "7days" (rangeIdx: 1), numDays: 7
[SERVER] Current Totals: {
  "totalUsers": 6,
  "totalSessions": 8,
  "avgBounce": 0.25,
  "avgDuration": 123.254662125,
  "totalNewUsers": 6,
  "userEngagementDuration": 925,
  "avgUserDuration": 154.16666666666666,
  "screenPageViews": 72,
  "scrolledUsers": 6,
  "screenPageViewsPerUser": 12
}
[SERVER] fillGaps for "30days" (rangeIdx: 0), numDays: 30
[SERVER] GA4 Request for period: 7days
[GA4] Retention report success
[SERVER] fillGaps for "7days" (rangeIdx: 0), numDays: 7
[SERVER] fillGaps for "7days" (rangeIdx: 1), numDays: 7
[SERVER] Current Totals: {
  "totalUsers": 6,
  "totalSessions": 8,
  "avgBounce": 0.25,
  "avgDuration": 123.254662125,
  "totalNewUsers": 6,
  "userEngagementDuration": 925,
  "avgUserDuration": 154.16666666666666,
  "screenPageViews": 72,
  "scrolledUsers": 6,
  "screenPageViewsPerUser": 12
}
[SERVER] fillGaps for "30days" (rangeIdx: 0), numDays: 30
[SERVER] GA4 Request for period: 30days
[GA4] Retention report success
[SERVER] fillGaps for "30days" (rangeIdx: 0), numDays: 30
[SERVER] fillGaps for "30days" (rangeIdx: 1), numDays: 30
[SERVER] Current Totals: {
  "totalUsers": 6,
  "totalSessions": 8,
  "avgBounce": 0.25,
  "avgDuration": 123.254662125,
  "totalNewUsers": 6,
  "userEngagementDuration": 925,
  "avgUserDuration": 154.16666666666666,
  "screenPageViews": 72,
  "scrolledUsers": 6,
  "screenPageViewsPerUser": 12
}
[SERVER] fillGaps for "30days" (rangeIdx: 0), numDays: 30
[SERVER] GA4 Request for period: 7days
[GA4] Retention report success
[SERVER] fillGaps for "7days" (rangeIdx: 0), numDays: 7
[SERVER] fillGaps for "7days" (rangeIdx: 1), numDays: 7
[SERVER] Current Totals: {
  "totalUsers": 6,
  "totalSessions": 8,
  "avgBounce": 0.25,
  "avgDuration": 123.254662125,
  "totalNewUsers": 6,
  "userEngagementDuration": 925,
  "avgUserDuration": 154.16666666666666,
  "screenPageViews": 72,
  "scrolledUsers": 6,
  "screenPageViewsPerUser": 12
}
[SERVER] fillGaps for "30days" (rangeIdx: 0), numDays: 30
[SERVER] GA4 Request for period: 30days
[GA4] Retention report success
[SERVER] fillGaps for "30days" (rangeIdx: 0), numDays: 30
[SERVER] fillGaps for "30days" (rangeIdx: 1), numDays: 30
[SERVER] Current Totals: {
  "totalUsers": 6,
  "totalSessions": 8,
  "avgBounce": 0.25,
  "avgDuration": 123.254662125,
  "totalNewUsers": 6,
  "userEngagementDuration": 925,
  "avgUserDuration": 154.16666666666666,
  "screenPageViews": 72,
  "scrolledUsers": 6,
  "screenPageViewsPerUser": 12
}
[SERVER] fillGaps for "30days" (rangeIdx: 0), numDays: 30
[SERVER] GA4 Request for period: 30days
[GA4] Retention report success
[SERVER] fillGaps for "30days" (rangeIdx: 0), numDays: 30
[SERVER] fillGaps for "30days" (rangeIdx: 1), numDays: 30
[SERVER] Current Totals: {
  "totalUsers": 6,
  "totalSessions": 8,
  "avgBounce": 0.25,
  "avgDuration": 123.254662125,
  "totalNewUsers": 6,
  "userEngagementDuration": 925,
  "avgUserDuration": 154.16666666666666,
  "screenPageViews": 72,
  "scrolledUsers": 6,
  "screenPageViewsPerUser": 12
}
[SERVER] fillGaps for "30days" (rangeIdx: 0), numDays: 30
[SERVER] GA4 Request for period: 7days
[GA4] Retention report success
[SERVER] fillGaps for "7days" (rangeIdx: 0), numDays: 7
[SERVER] fillGaps for "7days" (rangeIdx: 1), numDays: 7
[SERVER] Current Totals: {
  "totalUsers": 6,
  "totalSessions": 8,
  "avgBounce": 0.25,
  "avgDuration": 123.254662125,
  "totalNewUsers": 6,
  "userEngagementDuration": 925,
  "avgUserDuration": 154.16666666666666,
  "screenPageViews": 72,
  "scrolledUsers": 6,
  "screenPageViewsPerUser": 12
}
[SERVER] fillGaps for "30days" (rangeIdx: 0), numDays: 30
[SERVER] GA4 Request for period: 30days
[GA4] Retention report success
[SERVER] fillGaps for "30days" (rangeIdx: 0), numDays: 30
[SERVER] fillGaps for "30days" (rangeIdx: 1), numDays: 30
[SERVER] Current Totals: {
  "totalUsers": 6,
  "totalSessions": 8,
  "avgBounce": 0.25,
  "avgDuration": 123.254662125,
  "totalNewUsers": 6,
  "userEngagementDuration": 925,
  "avgUserDuration": 154.16666666666666,
  "screenPageViews": 72,
  "scrolledUsers": 6,
  "screenPageViewsPerUser": 12
}
[SERVER] fillGaps for "30days" (rangeIdx: 0), numDays: 30
[SERVER] GA4 Request for period: 30days
[GA4] Retention report success
[SERVER] fillGaps for "30days" (rangeIdx: 0), numDays: 30
[SERVER] fillGaps for "30days" (rangeIdx: 1), numDays: 30
[SERVER] Current Totals: {
  "totalUsers": 6,
  "totalSessions": 8,
  "avgBounce": 0.25,
  "avgDuration": 123.254662125,
  "totalNewUsers": 6,
  "userEngagementDuration": 925,
  "avgUserDuration": 154.16666666666666,
  "screenPageViews": 72,
  "scrolledUsers": 6,
  "screenPageViewsPerUser": 12
}
[SERVER] fillGaps for "30days" (rangeIdx: 0), numDays: 30
[SERVER] GA4 Request for period: 30days
[GA4] Retention report success
[SERVER] fillGaps for "30days" (rangeIdx: 0), numDays: 30
[SERVER] fillGaps for "30days" (rangeIdx: 1), numDays: 30
[SERVER] Current Totals: {
  "totalUsers": 6,
  "totalSessions": 8,
  "avgBounce": 0.25,
  "avgDuration": 123.254662125,
  "totalNewUsers": 6,
  "userEngagementDuration": 925,
  "avgUserDuration": 154.16666666666666,
  "screenPageViews": 72,
  "scrolledUsers": 6,
  "screenPageViewsPerUser": 12
}
[SERVER] fillGaps for "30days" (rangeIdx: 0), numDays: 30
[SERVER] GA4 Request for period: 7days
[GA4] Retention report success
[SERVER] fillGaps for "7days" (rangeIdx: 0), numDays: 7
[SERVER] fillGaps for "7days" (rangeIdx: 1), numDays: 7
[SERVER] Current Totals: {
  "totalUsers": 6,
  "totalSessions": 8,
  "avgBounce": 0.25,
  "avgDuration": 123.254662125,
  "totalNewUsers": 6,
  "userEngagementDuration": 925,
  "avgUserDuration": 154.16666666666666,
  "screenPageViews": 72,
  "scrolledUsers": 6,
  "screenPageViewsPerUser": 12
}
[SERVER] fillGaps for "30days" (rangeIdx: 0), numDays: 30
[SERVER] GA4 Request for period: 30days
[GA4] Retention report success
[SERVER] fillGaps for "30days" (rangeIdx: 0), numDays: 30
[SERVER] fillGaps for "30days" (rangeIdx: 1), numDays: 30
[SERVER] Current Totals: {
  "totalUsers": 6,
  "totalSessions": 8,
  "avgBounce": 0.25,
  "avgDuration": 123.254662125,
  "totalNewUsers": 6,
  "userEngagementDuration": 925,
  "avgUserDuration": 154.16666666666666,
  "screenPageViews": 72,
  "scrolledUsers": 6,
  "screenPageViewsPerUser": 12
}
[SERVER] fillGaps for "30days" (rangeIdx: 0), numDays: 30
[SERVER] GA4 Request for period: 30days
[GA4] Retention report success
[SERVER] fillGaps for "30days" (rangeIdx: 0), numDays: 30
[SERVER] fillGaps for "30days" (rangeIdx: 1), numDays: 30
[SERVER] Current Totals: {
  "totalUsers": 6,
  "totalSessions": 8,
  "avgBounce": 0.25,
  "avgDuration": 123.254662125,
  "totalNewUsers": 6,
  "userEngagementDuration": 925,
  "avgUserDuration": 154.16666666666666,
  "screenPageViews": 72,
  "scrolledUsers": 6,
  "screenPageViewsPerUser": 12
}
[SERVER] fillGaps for "30days" (rangeIdx: 0), numDays: 30
[SERVER] GA4 Request for period: 30days
[GA4] Retention report success
[SERVER] fillGaps for "30days" (rangeIdx: 0), numDays: 30
[SERVER] fillGaps for "30days" (rangeIdx: 1), numDays: 30
[SERVER] Current Totals: {
  "totalUsers": 6,
  "totalSessions": 8,
  "avgBounce": 0.25,
  "avgDuration": 123.254662125,
  "totalNewUsers": 6,
  "userEngagementDuration": 925,
  "avgUserDuration": 154.16666666666666,
  "screenPageViews": 72,
  "scrolledUsers": 6,
  "screenPageViewsPerUser": 12
}
[SERVER] fillGaps for "30days" (rangeIdx: 0), numDays: 30
[SERVER] GA4 Request for period: 7days
[GA4] Retention report success
[SERVER] fillGaps for "7days" (rangeIdx: 0), numDays: 7
[SERVER] fillGaps for "7days" (rangeIdx: 1), numDays: 7
[SERVER] Current Totals: {
  "totalUsers": 6,
  "totalSessions": 8,
  "avgBounce": 0.25,
  "avgDuration": 123.254662125,
  "totalNewUsers": 6,
  "userEngagementDuration": 925,
  "avgUserDuration": 154.16666666666666,
  "screenPageViews": 72,
  "scrolledUsers": 6,
  "screenPageViewsPerUser": 12
}
[SERVER] fillGaps for "30days" (rangeIdx: 0), numDays: 30
[SERVER] GA4 Request for period: 30days
[GA4] Retention report success
[SERVER] fillGaps for "30days" (rangeIdx: 0), numDays: 30
[SERVER] fillGaps for "30days" (rangeIdx: 1), numDays: 30
[SERVER] Current Totals: {
  "totalUsers": 6,
  "totalSessions": 8,
  "avgBounce": 0.25,
  "avgDuration": 123.254662125,
  "totalNewUsers": 6,
  "userEngagementDuration": 925,
  "avgUserDuration": 154.16666666666666,
  "screenPageViews": 72,
  "scrolledUsers": 6,
  "screenPageViewsPerUser": 12
}
[SERVER] fillGaps for "30days" (rangeIdx: 0), numDays: 30
[SERVER] GA4 Request for period: 30days
[GA4] Retention report success
[SERVER] fillGaps for "30days" (rangeIdx: 0), numDays: 30
[SERVER] fillGaps for "30days" (rangeIdx: 1), numDays: 30
[SERVER] Current Totals: {
  "totalUsers": 6,
  "totalSessions": 8,
  "avgBounce": 0.25,
  "avgDuration": 123.254662125,
  "totalNewUsers": 6,
  "userEngagementDuration": 925,
  "avgUserDuration": 154.16666666666666,
  "screenPageViews": 72,
  "scrolledUsers": 6,
  "screenPageViewsPerUser": 12
}
[SERVER] fillGaps for "30days" (rangeIdx: 0), numDays: 30
[SERVER] GA4 Request for period: 30days
[GA4] Retention report success
[SERVER] fillGaps for "30days" (rangeIdx: 0), numDays: 30
[SERVER] fillGaps for "30days" (rangeIdx: 1), numDays: 30
[SERVER] Current Totals: {
  "totalUsers": 6,
  "totalSessions": 8,
  "avgBounce": 0.25,
  "avgDuration": 123.254662125,
  "totalNewUsers": 6,
  "userEngagementDuration": 925,
  "avgUserDuration": 154.16666666666666,
  "screenPageViews": 72,
  "scrolledUsers": 6,
  "screenPageViewsPerUser": 12
}
[SERVER] fillGaps for "30days" (rangeIdx: 0), numDays: 30
[SERVER] GA4 Request for period: 7days
[GA4] Retention report success
[SERVER] fillGaps for "7days" (rangeIdx: 0), numDays: 7
[SERVER] fillGaps for "7days" (rangeIdx: 1), numDays: 7
[SERVER] Current Totals: {
  "totalUsers": 6,
  "totalSessions": 8,
  "avgBounce": 0.25,
  "avgDuration": 123.254662125,
  "totalNewUsers": 6,
  "userEngagementDuration": 925,
  "avgUserDuration": 154.16666666666666,
  "screenPageViews": 72,
  "scrolledUsers": 6,
  "screenPageViewsPerUser": 12
}
[SERVER] fillGaps for "30days" (rangeIdx: 0), numDays: 30
